<?xml version="1.0" encoding="utf-8"?>
<test-run id="2" name="CalculateTesting.dll" fullname="C:\Users\Abhi\source\repos\CalculateTesting\CalculateTesting\bin\Debug\net8.0\CalculateTesting.dll" testcasecount="1" result="Passed" start-time="2025-02-27T08:49:06.4243621Z" end-time="2025-02-27T08:49:12.7989491Z" duration="6.374567" total="1" passed="1" failed="0" inconclusive="0" skipped="0" warnings="0" asserts="0" random-seed="877621323">
  <command-line><![CDATA[C:\Users\Abhi\source\repos\CalculateTesting\CalculateTesting\bin\Debug\net8.0\CalculateTesting.dll]]></command-line>
  <filter />
  <test-suite type="Assembly" id="1002" name="CalculateTesting.dll" fullname="C:\Users\Abhi\source\repos\CalculateTesting\CalculateTesting\bin\Debug\net8.0\CalculateTesting.dll" runstate="Runnable" testcasecount="1" result="Passed" start-time="2025-02-27T08:49:06.4243621Z" end-time="2025-02-27T08:49:12.7989491Z" duration="6.374567" total="1" passed="1" failed="0" warnings="0" inconclusive="0" skipped="0" asserts="0">
    <environment framework-version="4.3.2.0" clr-version="8.0.13" os-version="Microsoft Windows 10.0.26100" platform="Win32NT" cwd="C:\Users\Abhi\source\repos\CalculateTesting\CalculateTesting\bin\Debug\net8.0" machine-name="MSI" user="Abhi" user-domain="MSI" culture="en-US" uiculture="en-US" os-architecture="x64" />
    <settings>
      <setting name="WorkDirectory" value="C:\Users\Abhi\source\repos\CalculateTesting\CalculateTesting\bin\Debug\net8.0" />
      <setting name="NumberOfTestWorkers" value="12" />
    </settings>
    <properties>
      <property name="_PID" value="1852" />
      <property name="_APPDOMAIN" value="CalculateTesting" />
    </properties>
    <test-suite type="TestFixture" id="1000" name="CalculateTestTest" fullname="CalculateTestTest" classname="CalculateTestTest" runstate="Runnable" testcasecount="1" result="Passed" start-time="2025-02-27T08:49:06.4297212Z" end-time="2025-02-27T08:49:12.7987292Z" duration="6.369008" total="1" passed="1" failed="0" warnings="0" inconclusive="0" skipped="0" asserts="0">
      <test-case id="1001" name="calculateTest" fullname="CalculateTestTest.calculateTest" methodname="calculateTest" classname="CalculateTestTest" runstate="Runnable" seed="1977823189" result="Passed" start-time="2025-02-27T08:49:06.4321953Z" end-time="2025-02-27T08:49:12.7964087Z" duration="6.364331" asserts="0" />
    </test-suite>
  </test-suite>
</test-run>